0 info it worked if it ends with ok
1 verbose cli [ 'node', '/usr/local/bin/npm', 'install', '-g', 'component' ]
2 info using npm@1.4.23
3 info using node@v0.10.31
4 verbose cache add [ 'component', null ]
5 verbose cache add name=undefined spec="component" args=["component",null]
6 verbose parsed url { protocol: null,
6 verbose parsed url   slashes: null,
6 verbose parsed url   auth: null,
6 verbose parsed url   host: null,
6 verbose parsed url   port: null,
6 verbose parsed url   hostname: null,
6 verbose parsed url   hash: null,
6 verbose parsed url   search: null,
6 verbose parsed url   query: null,
6 verbose parsed url   pathname: 'component',
6 verbose parsed url   path: 'component',
6 verbose parsed url   href: 'component' }
7 silly lockFile 335c4c1e-component component
8 verbose lock component /Users/zachary/.npm/335c4c1e-component.lock
9 silly lockFile 335c4c1e-component component
10 silly lockFile 335c4c1e-component component
11 verbose addNamed [ 'component', '' ]
12 verbose addNamed [ null, '*' ]
13 silly lockFile fa4251c1-component component@
14 verbose lock component@ /Users/zachary/.npm/fa4251c1-component.lock
15 silly addNameRange { name: 'component', range: '*', hasData: false }
16 verbose request where is /component
17 verbose request registry https://registry.npmjs.org/
18 verbose request id 420d9072f23a911b
19 verbose url raw /component
20 verbose url resolving [ 'https://registry.npmjs.org/', './component' ]
21 verbose url resolved https://registry.npmjs.org/component
22 verbose request where is https://registry.npmjs.org/component
23 info trying registry request attempt 1 at 15:57:47
24 verbose etag "4KKDOPMAU01Z5ML8DX9JPR5OU"
25 http GET https://registry.npmjs.org/component
26 http 304 https://registry.npmjs.org/component
27 silly registry.get cb [ 304,
27 silly registry.get   { date: 'Wed, 01 Oct 2014 22:57:48 GMT',
27 silly registry.get     server: 'Apache',
27 silly registry.get     via: '1.1 varnish',
27 silly registry.get     'last-modified': 'Wed, 01 Oct 2014 22:57:48 GMT',
27 silly registry.get     'cache-control': 'max-age=60',
27 silly registry.get     etag: '"4KKDOPMAU01Z5ML8DX9JPR5OU"',
27 silly registry.get     'x-served-by': 'cache-sjc3134-SJC',
27 silly registry.get     'x-cache': 'HIT',
27 silly registry.get     'x-cache-hits': '1',
27 silly registry.get     'x-timer': 'S1412204268.963390,VS0,VE0',
27 silly registry.get     vary: 'Accept',
27 silly registry.get     'content-length': '0',
27 silly registry.get     'keep-alive': 'timeout=10, max=50',
27 silly registry.get     connection: 'Keep-Alive' } ]
28 verbose etag https://registry.npmjs.org/component from cache
29 silly addNameRange number 2 { name: 'component', range: '*', hasData: true }
30 silly addNameRange versions [ 'component',
30 silly addNameRange   [ '0.0.1',
30 silly addNameRange     '0.0.2',
30 silly addNameRange     '0.0.3',
30 silly addNameRange     '0.0.4',
30 silly addNameRange     '0.0.5',
30 silly addNameRange     '0.0.6',
30 silly addNameRange     '0.0.7',
30 silly addNameRange     '0.1.0',
30 silly addNameRange     '0.1.1',
30 silly addNameRange     '0.2.0',
30 silly addNameRange     '0.3.0',
30 silly addNameRange     '0.4.0',
30 silly addNameRange     '0.4.1',
30 silly addNameRange     '0.4.2',
30 silly addNameRange     '0.5.0',
30 silly addNameRange     '0.6.0',
30 silly addNameRange     '0.6.2',
30 silly addNameRange     '0.6.3',
30 silly addNameRange     '0.6.4',
30 silly addNameRange     '0.7.0',
30 silly addNameRange     '0.7.1',
30 silly addNameRange     '0.8.0',
30 silly addNameRange     '0.9.0',
30 silly addNameRange     '0.9.1',
30 silly addNameRange     '0.10.0',
30 silly addNameRange     '0.10.1',
30 silly addNameRange     '0.11.0',
30 silly addNameRange     '0.11.1',
30 silly addNameRange     '0.12.0',
30 silly addNameRange     '0.13.0',
30 silly addNameRange     '0.13.1',
30 silly addNameRange     '0.13.2',
30 silly addNameRange     '0.14.0',
30 silly addNameRange     '0.15.0',
30 silly addNameRange     '0.15.1',
30 silly addNameRange     '0.16.0',
30 silly addNameRange     '0.16.1',
30 silly addNameRange     '0.16.2',
30 silly addNameRange     '0.16.3',
30 silly addNameRange     '0.16.4',
30 silly addNameRange     '0.16.5',
30 silly addNameRange     '0.16.6',
30 silly addNameRange     '0.16.7',
30 silly addNameRange     '0.16.8',
30 silly addNameRange     '0.17.0',
30 silly addNameRange     '0.17.2',
30 silly addNameRange     '0.17.3',
30 silly addNameRange     '0.17.4',
30 silly addNameRange     '0.17.5',
30 silly addNameRange     '0.17.6',
30 silly addNameRange     '0.18.0',
30 silly addNameRange     '0.19.0',
30 silly addNameRange     '0.19.1',
30 silly addNameRange     '0.19.2',
30 silly addNameRange     '0.19.3',
30 silly addNameRange     '0.19.4',
30 silly addNameRange     '0.19.5',
30 silly addNameRange     '0.19.6',
30 silly addNameRange     '0.19.7',
30 silly addNameRange     '0.19.8',
30 silly addNameRange     '1.0.0-rc1',
30 silly addNameRange     '1.0.0-rc2',
30 silly addNameRange     '1.0.0-rc3',
30 silly addNameRange     '1.0.0-rc4',
30 silly addNameRange     '1.0.0-rc5',
30 silly addNameRange     '0.19.9' ] ]
31 verbose addNamed [ 'component', '0.19.9' ]
32 verbose addNamed [ '0.19.9', '0.19.9' ]
33 silly lockFile c920a002-component-0-19-9 component@0.19.9
34 verbose lock component@0.19.9 /Users/zachary/.npm/c920a002-component-0-19-9.lock
35 silly lockFile c920a002-component-0-19-9 component@0.19.9
36 silly lockFile c920a002-component-0-19-9 component@0.19.9
37 silly lockFile fa4251c1-component component@
38 silly lockFile fa4251c1-component component@
39 silly resolved [ { name: 'component',
39 silly resolved     version: '0.19.9',
39 silly resolved     description: 'Component package manager consuming git repositories',
39 silly resolved     keywords: [ 'component', 'package', 'client', 'browser', 'module' ],
39 silly resolved     author: { name: 'TJ Holowaychuk', email: 'tj@vision-media.ca' },
39 silly resolved     repository: { type: 'git', url: 'git://github.com/component/component.git' },
39 silly resolved     dependencies:
39 silly resolved      { commander: '1.0.5',
39 silly resolved        mkdirp: '~0.3.4',
39 silly resolved        superagent: '~0.15.4',
39 silly resolved        'component-builder': '0.10.1',
39 silly resolved        'string-to-js': '0.0.1',
39 silly resolved        jog: '0.4.0',
39 silly resolved        batch: '~0.5.0',
39 silly resolved        'win-fork': '~1.1.1',
39 silly resolved        archy: '0.0.2',
39 silly resolved        netrc: '~0.1.3',
39 silly resolved        debug: '*',
39 silly resolved        rimraf: '~2.2.6',
39 silly resolved        'proxy-agent': '~1.1.0',
39 silly resolved        'superagent-proxy': '~0.3.0',
39 silly resolved        open: '0.0.4',
39 silly resolved        'component-installer': '~0.0.8',
39 silly resolved        'component-package': '~0.0.4' },
39 silly resolved     devDependencies: { express: '3.0.0', minstache: '0.0.1', mocha: '*', should: '*' },
39 silly resolved     bin:
39 silly resolved      { component: 'bin/component',
39 silly resolved        'component-info': 'bin/component-info',
39 silly resolved        'component-help': 'bin/component-help',
39 silly resolved        'component-install': 'bin/component-install',
39 silly resolved        'component-ls': 'bin/component-ls',
39 silly resolved        'component-convert': 'bin/component-convert',
39 silly resolved        'component-build': 'bin/component-build',
39 silly resolved        'component-search': 'bin/component-search',
39 silly resolved        'component-create': 'bin/component-create',
39 silly resolved        'component-changes': 'bin/component-changes',
39 silly resolved        'component-wiki': 'bin/component-wiki' },
39 silly resolved     main: 'index',
39 silly resolved     engines: { node: '>= 0.8.0' },
39 silly resolved     scripts: { test: 'make test' },
39 silly resolved     bugs: { url: 'https://github.com/component/component/issues' },
39 silly resolved     homepage: 'https://github.com/component/component',
39 silly resolved     _id: 'component@0.19.9',
39 silly resolved     dist:
39 silly resolved      { shasum: '998df9d86a24ae1d696786e101ac26744f6ed4b0',
39 silly resolved        tarball: 'http://registry.npmjs.org/component/-/component-0.19.9.tgz' },
39 silly resolved     _from: 'component@',
39 silly resolved     _npmVersion: '1.3.25',
39 silly resolved     _npmUser: { name: 'mattmueller', email: 'mattmuelle@gmail.com' },
39 silly resolved     maintainers:
39 silly resolved      [ [Object],
39 silly resolved        [Object],
39 silly resolved        [Object],
39 silly resolved        [Object],
39 silly resolved        [Object],
39 silly resolved        [Object],
39 silly resolved        [Object],
39 silly resolved        [Object],
39 silly resolved        [Object],
39 silly resolved        [Object],
39 silly resolved        [Object],
39 silly resolved        [Object],
39 silly resolved        [Object],
39 silly resolved        [Object],
39 silly resolved        [Object],
39 silly resolved        [Object],
39 silly resolved        [Object],
39 silly resolved        [Object],
39 silly resolved        [Object],
39 silly resolved        [Object],
39 silly resolved        [Object],
39 silly resolved        [Object],
39 silly resolved        [Object],
39 silly resolved        [Object],
39 silly resolved        [Object] ],
39 silly resolved     directories: {},
39 silly resolved     _shasum: '998df9d86a24ae1d696786e101ac26744f6ed4b0',
39 silly resolved     _resolved: 'https://registry.npmjs.org/component/-/component-0.19.9.tgz',
39 silly resolved     readme: 'ERROR: No README data found!' } ]
40 info install component@0.19.9 into /usr/local/lib
41 info installOne component@0.19.9
42 verbose lib/node_modules/component unbuild
43 verbose tar unpack /Users/zachary/.npm/component/0.19.9/package.tgz
44 silly lockFile dce08b93-local-lib-node-modules-component tar:///usr/local/lib/node_modules/component
45 verbose lock tar:///usr/local/lib/node_modules/component /Users/zachary/.npm/dce08b93-local-lib-node-modules-component.lock
46 silly lockFile 9b217bd3-npm-component-0-19-9-package-tgz tar:///Users/zachary/.npm/component/0.19.9/package.tgz
47 verbose lock tar:///Users/zachary/.npm/component/0.19.9/package.tgz /Users/zachary/.npm/9b217bd3-npm-component-0-19-9-package-tgz.lock
48 silly gunzTarPerm modes [ '755', '644' ]
49 error Error: EACCES, mkdir '/usr/local/lib/node_modules/component'
49 error  { [Error: EACCES, mkdir '/usr/local/lib/node_modules/component']
49 error   errno: 3,
49 error   code: 'EACCES',
49 error   path: '/usr/local/lib/node_modules/component',
49 error   fstream_type: 'Directory',
49 error   fstream_path: '/usr/local/lib/node_modules/component',
49 error   fstream_class: 'DirWriter',
49 error   fstream_stack:
49 error    [ '/usr/local/lib/node_modules/npm/node_modules/fstream/lib/dir-writer.js:36:23',
49 error      '/usr/local/lib/node_modules/npm/node_modules/mkdirp/index.js:46:53',
49 error      'Object.oncomplete (fs.js:107:15)' ] }
50 error Please try running this command again as root/Administrator.
51 error System Darwin 14.0.0
52 error command "node" "/usr/local/bin/npm" "install" "-g" "component"
53 error cwd /Users/zachary/git-repos/timebox
54 error node -v v0.10.31
55 error npm -v 1.4.23
56 error path /usr/local/lib/node_modules/component
57 error fstream_path /usr/local/lib/node_modules/component
58 error fstream_type Directory
59 error fstream_class DirWriter
60 error code EACCES
61 error errno 3
62 error stack Error: EACCES, mkdir '/usr/local/lib/node_modules/component'
63 error fstream_stack /usr/local/lib/node_modules/npm/node_modules/fstream/lib/dir-writer.js:36:23
63 error fstream_stack /usr/local/lib/node_modules/npm/node_modules/mkdirp/index.js:46:53
63 error fstream_stack Object.oncomplete (fs.js:107:15)
64 verbose exit [ 3, true ]
